Line 455: Property Picture in boardRedraw could not be set.
Line 477: Property Picture in boardSelectTile could not be set.
Line 499: Property Picture in boardGradient could not be set.
Line 520: Property Picture in boardTypeLock could not be set.
Line 554: Property Picture in boardFillTool could not be set.
Line 587: Property Picture in tileTool could not be set.
Line 600: Property Picture in tileTool could not be set.
Line 613: Property Picture in tileTool could not be set.
Line 626: Property Picture in tileTool could not be set.
Line 639: Property Picture in tileTool could not be set.
Line 652: Property Picture in tileTool could not be set.
Line 665: Property Picture in tileTool could not be set.
Line 678: Property Picture in tileTool could not be set.
Line 691: Property Picture in tileTool could not be set.
Line 704: Property Picture in tileRedraw could not be set.
Line 717: Property Picture in tileGrid could not be set.
Line 730: Property Picture in Command17 could not be set.
Line 760: Property Picture in tilebmpEraser could not be set.
Line 772: Property Picture in tilebmpSelectTile could not be set.
Line 794: Property Picture in tilebmpRedraw could not be set.
Line 816: Property Picture in Command27 could not be set.
Line 837: Property Picture in tilebmpDrawLock could not be set.
Line 850: Property Picture in tilebmpGrid could not be set.
Line 889: Property Picture in animationPlay could not be set.
Line 898: Property Picture in animationForward could not be set.
Line 907: Property Picture in animationBack could not be set.
Line 925: Property Picture in prgEventEdit could not be set.
Line 1203: Property Picture in tiletypes could not be set.
Line 1297: Property Picture in popButton could not be set.
Line 455: Property Picture in boardRedraw could not be set.
Line 477: Property Picture in boardSelectTile could not be set.
Line 499: Property Picture in boardGradient could not be set.
Line 520: Property Picture in boardTypeLock could not be set.
Line 554: Property Picture in boardFillTool could not be set.
Line 587: Property Picture in tileTool could not be set.
Line 600: Property Picture in tileTool could not be set.
Line 613: Property Picture in tileTool could not be set.
Line 626: Property Picture in tileTool could not be set.
Line 639: Property Picture in tileTool could not be set.
Line 652: Property Picture in tileTool could not be set.
Line 665: Property Picture in tileTool could not be set.
Line 678: Property Picture in tileTool could not be set.
Line 691: Property Picture in tileTool could not be set.
Line 704: Property Picture in tileRedraw could not be set.
Line 717: Property Picture in tileGrid could not be set.
Line 730: Property Picture in Command17 could not be set.
Line 760: Property Picture in tilebmpEraser could not be set.
Line 772: Property Picture in tilebmpSelectTile could not be set.
Line 794: Property Picture in tilebmpRedraw could not be set.
Line 816: Property Picture in Command27 could not be set.
Line 837: Property Picture in tilebmpDrawLock could not be set.
Line 850: Property Picture in tilebmpGrid could not be set.
Line 889: Property Picture in animationPlay could not be set.
Line 898: Property Picture in animationForward could not be set.
Line 907: Property Picture in animationBack could not be set.
Line 925: Property Picture in prgEventEdit could not be set.
Line 1203: Property Picture in tiletypes could not be set.
Line 1297: Property Picture in popButton could not be set.
